{"C:\\code\\ridge\\src\\lib\\stores\\paneTree.ts": {"path":"C:\\code\\ridge\\src\\lib\\stores\\paneTree.ts","statementMap":{"0":{"start":{"line":9,"column":12},"end":{"line":9,"column":null}},"1":{"start":{"line":9,"column":35},"end":{"line":9,"column":42}},"2":{"start":{"line":10,"column":2},"end":{"line":10,"column":null}},"3":{"start":{"line":10,"column":17},"end":{"line":10,"column":null}},"4":{"start":{"line":10,"column":40},"end":{"line":10,"column":71}},"5":{"start":{"line":11,"column":2},"end":{"line":11,"column":null}},"6":{"start":{"line":11,"column":27},"end":{"line":11,"column":39}},"7":{"start":{"line":20,"column":2},"end":{"line":24,"column":null}},"8":{"start":{"line":21,"column":4},"end":{"line":22,"column":null}},"9":{"start":{"line":22,"column":6},"end":{"line":22,"column":null}},"10":{"start":{"line":23,"column":4},"end":{"line":23,"column":null}},"11":{"start":{"line":25,"column":2},"end":{"line":25,"column":null}},"12":{"start":{"line":25,"column":29},"end":{"line":25,"column":null}},"13":{"start":{"line":26,"column":26},"end":{"line":26,"column":null}},"14":{"start":{"line":27,"column":2},"end":{"line":27,"column":null}},"15":{"start":{"line":27,"column":48},"end":{"line":27,"column":null}},"16":{"start":{"line":28,"column":2},"end":{"line":33,"column":null}},"17":{"start":{"line":31,"column":6},"end":{"line":31,"column":null}},"18":{"start":{"line":36,"column":13},"end":{"line":39,"column":null}},"19":{"start":{"line":42,"column":13},"end":{"line":42,"column":null}},"20":{"start":{"line":45,"column":13},"end":{"line":45,"column":null}},"21":{"start":{"line":107,"column":33},"end":{"line":107,"column":null}},"22":{"start":{"line":109,"column":26},"end":{"line":109,"column":null}},"23":{"start":{"line":110,"column":23},"end":{"line":110,"column":null}},"24":{"start":{"line":112,"column":13},"end":{"line":114,"column":null}},"25":{"start":{"line":116,"column":13},"end":{"line":116,"column":null}},"26":{"start":{"line":118,"column":13},"end":{"line":120,"column":null}},"27":{"start":{"line":123,"column":13},"end":{"line":123,"column":null}},"28":{"start":{"line":126,"column":2},"end":{"line":126,"column":null}},"29":{"start":{"line":130,"column":2},"end":{"line":133,"column":null}},"30":{"start":{"line":131,"column":4},"end":{"line":131,"column":null}},"31":{"start":{"line":132,"column":4},"end":{"line":132,"column":null}},"32":{"start":{"line":138,"column":25},"end":{"line":138,"column":null}},"33":{"start":{"line":141,"column":2},"end":{"line":141,"column":null}},"34":{"start":{"line":145,"column":14},"end":{"line":147,"column":null}},"35":{"start":{"line":148,"column":19},"end":{"line":148,"column":null}},"36":{"start":{"line":149,"column":2},"end":{"line":152,"column":null}},"37":{"start":{"line":149,"column":28},"end":{"line":149,"column":48}},"38":{"start":{"line":150,"column":4},"end":{"line":150,"column":null}},"39":{"start":{"line":151,"column":4},"end":{"line":151,"column":null}},"40":{"start":{"line":160,"column":36},"end":{"line":160,"column":null}},"41":{"start":{"line":161,"column":17},"end":{"line":161,"column":null}},"42":{"start":{"line":162,"column":17},"end":{"line":162,"column":null}},"43":{"start":{"line":163,"column":2},"end":{"line":173,"column":null}},"44":{"start":{"line":163,"column":15},"end":{"line":163,"column":23}},"45":{"start":{"line":164,"column":22},"end":{"line":164,"column":null}},"46":{"start":{"line":165,"column":4},"end":{"line":172,"column":null}},"47":{"start":{"line":166,"column":6},"end":{"line":171,"column":null}},"48":{"start":{"line":167,"column":25},"end":{"line":167,"column":null}},"49":{"start":{"line":168,"column":8},"end":{"line":170,"column":null}},"50":{"start":{"line":169,"column":10},"end":{"line":169,"column":null}},"51":{"start":{"line":174,"column":2},"end":{"line":174,"column":null}},"52":{"start":{"line":178,"column":14},"end":{"line":178,"column":null}},"53":{"start":{"line":178,"column":38},"end":{"line":178,"column":45}},"54":{"start":{"line":179,"column":2},"end":{"line":179,"column":null}},"55":{"start":{"line":179,"column":19},"end":{"line":179,"column":null}},"56":{"start":{"line":179,"column":43},"end":{"line":179,"column":75}},"57":{"start":{"line":180,"column":2},"end":{"line":180,"column":null}},"58":{"start":{"line":180,"column":28},"end":{"line":180,"column":42}},"59":{"start":{"line":187,"column":22},"end":{"line":187,"column":null}},"60":{"start":{"line":188,"column":2},"end":{"line":192,"column":null}},"61":{"start":{"line":189,"column":4},"end":{"line":189,"column":null}},"62":{"start":{"line":189,"column":30},"end":{"line":189,"column":null}},"63":{"start":{"line":190,"column":4},"end":{"line":190,"column":null}},"64":{"start":{"line":191,"column":4},"end":{"line":191,"column":null}},"65":{"start":{"line":191,"column":14},"end":{"line":191,"column":null}},"66":{"start":{"line":193,"column":2},"end":{"line":193,"column":null}},"67":{"start":{"line":201,"column":12},"end":{"line":201,"column":null}},"68":{"start":{"line":202,"column":2},"end":{"line":202,"column":null}},"69":{"start":{"line":202,"column":14},"end":{"line":202,"column":null}},"70":{"start":{"line":203,"column":2},"end":{"line":203,"column":null}},"71":{"start":{"line":203,"column":51},"end":{"line":203,"column":null}},"72":{"start":{"line":205,"column":17},"end":{"line":205,"column":null}},"73":{"start":{"line":206,"column":16},"end":{"line":206,"column":null}},"74":{"start":{"line":207,"column":20},"end":{"line":207,"column":null}},"75":{"start":{"line":207,"column":44},"end":{"line":207,"column":51}},"76":{"start":{"line":208,"column":19},"end":{"line":208,"column":null}},"77":{"start":{"line":208,"column":42},"end":{"line":208,"column":49}},"78":{"start":{"line":209,"column":2},"end":{"line":209,"column":null}},"79":{"start":{"line":209,"column":45},"end":{"line":209,"column":null}},"80":{"start":{"line":211,"column":20},"end":{"line":211,"column":null}},"81":{"start":{"line":212,"column":20},"end":{"line":212,"column":null}},"82":{"start":{"line":213,"column":23},"end":{"line":216,"column":null}},"83":{"start":{"line":217,"column":22},"end":{"line":217,"column":null}},"84":{"start":{"line":218,"column":22},"end":{"line":218,"column":null}},"85":{"start":{"line":219,"column":21},"end":{"line":219,"column":null}},"86":{"start":{"line":221,"column":15},"end":{"line":223,"column":null}},"87":{"start":{"line":222,"column":4},"end":{"line":222,"column":null}},"88":{"start":{"line":224,"column":2},"end":{"line":224,"column":null}},"89":{"start":{"line":228,"column":15},"end":{"line":228,"column":null}},"90":{"start":{"line":229,"column":29},"end":{"line":229,"column":null}},"91":{"start":{"line":230,"column":2},"end":{"line":235,"column":null}},"92":{"start":{"line":231,"column":16},"end":{"line":231,"column":null}},"93":{"start":{"line":232,"column":4},"end":{"line":232,"column":null}},"94":{"start":{"line":232,"column":23},"end":{"line":232,"column":null}},"95":{"start":{"line":233,"column":4},"end":{"line":233,"column":null}},"96":{"start":{"line":234,"column":4},"end":{"line":234,"column":null}},"97":{"start":{"line":236,"column":2},"end":{"line":236,"column":null}},"98":{"start":{"line":244,"column":18},"end":{"line":244,"column":null}},"99":{"start":{"line":245,"column":2},"end":{"line":250,"column":null}},"100":{"start":{"line":246,"column":16},"end":{"line":246,"column":null}},"101":{"start":{"line":247,"column":17},"end":{"line":247,"column":null}},"102":{"start":{"line":248,"column":4},"end":{"line":249,"column":null}},"103":{"start":{"line":248,"column":14},"end":{"line":248,"column":null}},"104":{"start":{"line":249,"column":9},"end":{"line":249,"column":null}},"105":{"start":{"line":251,"column":38},"end":{"line":251,"column":null}},"106":{"start":{"line":252,"column":2},"end":{"line":269,"column":null}},"107":{"start":{"line":253,"column":17},"end":{"line":253,"column":null}},"108":{"start":{"line":254,"column":4},"end":{"line":267,"column":null}},"109":{"start":{"line":255,"column":6},"end":{"line":255,"column":null}},"110":{"start":{"line":255,"column":28},"end":{"line":255,"column":null}},"111":{"start":{"line":257,"column":8},"end":{"line":257,"column":null}},"112":{"start":{"line":259,"column":23},"end":{"line":259,"column":null}},"113":{"start":{"line":260,"column":22},"end":{"line":260,"column":null}},"114":{"start":{"line":261,"column":28},"end":{"line":261,"column":null}},"115":{"start":{"line":262,"column":6},"end":{"line":266,"column":null}},"116":{"start":{"line":268,"column":4},"end":{"line":268,"column":null}},"117":{"start":{"line":270,"column":2},"end":{"line":270,"column":null}},"118":{"start":{"line":277,"column":13},"end":{"line":277,"column":null}},"119":{"start":{"line":278,"column":2},"end":{"line":280,"column":null}},"120":{"start":{"line":279,"column":4},"end":{"line":279,"column":null}},"121":{"start":{"line":281,"column":2},"end":{"line":281,"column":null}},"122":{"start":{"line":285,"column":2},"end":{"line":285,"column":null}},"123":{"start":{"line":285,"column":39},"end":{"line":285,"column":null}},"124":{"start":{"line":286,"column":2},"end":{"line":286,"column":null}},"125":{"start":{"line":296,"column":2},"end":{"line":296,"column":null}},"126":{"start":{"line":297,"column":18},"end":{"line":297,"column":null}},"127":{"start":{"line":298,"column":27},"end":{"line":298,"column":null}},"128":{"start":{"line":299,"column":2},"end":{"line":299,"column":null}},"129":{"start":{"line":299,"column":14},"end":{"line":299,"column":null}},"130":{"start":{"line":300,"column":2},"end":{"line":307,"column":null}},"131":{"start":{"line":308,"column":2},"end":{"line":318,"column":null}},"132":{"start":{"line":309,"column":4},"end":{"line":316,"column":null}},"133":{"start":{"line":317,"column":4},"end":{"line":317,"column":null}},"134":{"start":{"line":322,"column":2},"end":{"line":322,"column":null}},"135":{"start":{"line":323,"column":2},"end":{"line":323,"column":null}},"136":{"start":{"line":324,"column":2},"end":{"line":326,"column":null}},"137":{"start":{"line":325,"column":4},"end":{"line":325,"column":null}},"138":{"start":{"line":327,"column":2},"end":{"line":327,"column":null}},"139":{"start":{"line":331,"column":8},"end":{"line":331,"column":null}},"140":{"start":{"line":332,"column":2},"end":{"line":332,"column":null}},"141":{"start":{"line":332,"column":31},"end":{"line":332,"column":null}},"142":{"start":{"line":333,"column":8},"end":{"line":333,"column":null}},"143":{"start":{"line":337,"column":4},"end":{"line":337,"column":null}},"144":{"start":{"line":340,"column":13},"end":{"line":340,"column":null}},"145":{"start":{"line":341,"column":2},"end":{"line":343,"column":null}},"146":{"start":{"line":342,"column":4},"end":{"line":342,"column":null}},"147":{"start":{"line":345,"column":40},"end":{"line":345,"column":null}},"148":{"start":{"line":346,"column":2},"end":{"line":369,"column":null}},"149":{"start":{"line":346,"column":15},"end":{"line":346,"column":18}},"150":{"start":{"line":347,"column":16},"end":{"line":347,"column":null}},"151":{"start":{"line":348,"column":18},"end":{"line":348,"column":null}},"152":{"start":{"line":349,"column":4},"end":{"line":349,"column":null}},"153":{"start":{"line":349,"column":16},"end":{"line":349,"column":null}},"154":{"start":{"line":350,"column":18},"end":{"line":350,"column":null}},"155":{"start":{"line":351,"column":4},"end":{"line":363,"column":null}},"156":{"start":{"line":352,"column":24},"end":{"line":356,"column":null}},"157":{"start":{"line":357,"column":6},"end":{"line":362,"column":null}},"158":{"start":{"line":358,"column":8},"end":{"line":361,"column":null}},"159":{"start":{"line":364,"column":4},"end":{"line":368,"column":null}},"160":{"start":{"line":370,"column":2},"end":{"line":370,"column":null}},"161":{"start":{"line":370,"column":25},"end":{"line":370,"column":null}},"162":{"start":{"line":371,"column":2},"end":{"line":378,"column":null}},"163":{"start":{"line":379,"column":2},"end":{"line":379,"column":null}},"164":{"start":{"line":380,"column":2},"end":{"line":382,"column":null}},"165":{"start":{"line":381,"column":4},"end":{"line":381,"column":null}},"166":{"start":{"line":386,"column":8},"end":{"line":386,"column":null}},"167":{"start":{"line":387,"column":2},"end":{"line":387,"column":null}},"168":{"start":{"line":387,"column":27},"end":{"line":387,"column":null}},"169":{"start":{"line":388,"column":18},"end":{"line":388,"column":null}},"170":{"start":{"line":389,"column":2},"end":{"line":389,"column":null}},"171":{"start":{"line":389,"column":33},"end":{"line":389,"column":65}},"172":{"start":{"line":390,"column":2},"end":{"line":394,"column":null}},"173":{"start":{"line":398,"column":8},"end":{"line":398,"column":null}},"174":{"start":{"line":399,"column":2},"end":{"line":399,"column":null}},"175":{"start":{"line":400,"column":2},"end":{"line":400,"column":null}},"176":{"start":{"line":401,"column":2},"end":{"line":403,"column":null}},"177":{"start":{"line":402,"column":4},"end":{"line":402,"column":null}},"178":{"start":{"line":404,"column":2},"end":{"line":404,"column":null}},"179":{"start":{"line":405,"column":2},"end":{"line":405,"column":null}},"180":{"start":{"line":405,"column":27},"end":{"line":405,"column":null}},"181":{"start":{"line":406,"column":2},"end":{"line":406,"column":null}},"182":{"start":{"line":410,"column":24},"end":{"line":410,"column":null}},"183":{"start":{"line":412,"column":4},"end":{"line":416,"column":null}},"184":{"start":{"line":413,"column":6},"end":{"line":413,"column":null}},"185":{"start":{"line":413,"column":16},"end":{"line":413,"column":null}},"186":{"start":{"line":415,"column":6},"end":{"line":415,"column":null}},"187":{"start":{"line":418,"column":2},"end":{"line":418,"column":null}},"188":{"start":{"line":419,"column":2},"end":{"line":419,"column":null}},"189":{"start":{"line":424,"column":14},"end":{"line":424,"column":null}},"190":{"start":{"line":425,"column":2},"end":{"line":425,"column":null}},"191":{"start":{"line":425,"column":19},"end":{"line":425,"column":null}},"192":{"start":{"line":426,"column":8},"end":{"line":426,"column":null}},"193":{"start":{"line":427,"column":2},"end":{"line":427,"column":null}},"194":{"start":{"line":427,"column":34},"end":{"line":427,"column":null}},"195":{"start":{"line":431,"column":2},"end":{"line":431,"column":null}},"196":{"start":{"line":431,"column":18},"end":{"line":431,"column":null}},"197":{"start":{"line":432,"column":2},"end":{"line":444,"column":null}},"198":{"start":{"line":433,"column":19},"end":{"line":433,"column":null}},"199":{"start":{"line":434,"column":4},"end":{"line":434,"column":null}},"200":{"start":{"line":435,"column":4},"end":{"line":435,"column":null}},"201":{"start":{"line":437,"column":4},"end":{"line":437,"column":null}},"202":{"start":{"line":438,"column":4},"end":{"line":442,"column":null}},"203":{"start":{"line":443,"column":4},"end":{"line":443,"column":null}},"204":{"start":{"line":448,"column":8},"end":{"line":448,"column":null}},"205":{"start":{"line":449,"column":2},"end":{"line":451,"column":null}},"206":{"start":{"line":450,"column":4},"end":{"line":450,"column":null}},"207":{"start":{"line":455,"column":2},"end":{"line":455,"column":null}},"208":{"start":{"line":455,"column":18},"end":{"line":455,"column":null}},"209":{"start":{"line":456,"column":2},"end":{"line":474,"column":null}},"210":{"start":{"line":457,"column":17},"end":{"line":459,"column":null}},"211":{"start":{"line":460,"column":19},"end":{"line":460,"column":null}},"212":{"start":{"line":461,"column":19},"end":{"line":461,"column":null}},"213":{"start":{"line":462,"column":4},"end":{"line":462,"column":null}},"214":{"start":{"line":463,"column":4},"end":{"line":463,"column":null}},"215":{"start":{"line":464,"column":4},"end":{"line":464,"column":null}},"216":{"start":{"line":465,"column":4},"end":{"line":465,"column":null}},"217":{"start":{"line":467,"column":4},"end":{"line":467,"column":null}},"218":{"start":{"line":468,"column":4},"end":{"line":472,"column":null}},"219":{"start":{"line":473,"column":4},"end":{"line":473,"column":null}},"220":{"start":{"line":478,"column":2},"end":{"line":478,"column":null}},"221":{"start":{"line":478,"column":18},"end":{"line":478,"column":null}},"222":{"start":{"line":479,"column":2},"end":{"line":490,"column":null}},"223":{"start":{"line":480,"column":4},"end":{"line":480,"column":null}},"224":{"start":{"line":481,"column":4},"end":{"line":481,"column":null}},"225":{"start":{"line":483,"column":4},"end":{"line":483,"column":null}},"226":{"start":{"line":484,"column":4},"end":{"line":488,"column":null}},"227":{"start":{"line":489,"column":4},"end":{"line":489,"column":null}},"228":{"start":{"line":494,"column":2},"end":{"line":494,"column":null}},"229":{"start":{"line":494,"column":18},"end":{"line":494,"column":null}},"230":{"start":{"line":495,"column":2},"end":{"line":511,"column":null}},"231":{"start":{"line":496,"column":4},"end":{"line":496,"column":null}},"232":{"start":{"line":497,"column":19},"end":{"line":497,"column":null}},"233":{"start":{"line":498,"column":4},"end":{"line":498,"column":null}},"234":{"start":{"line":499,"column":4},"end":{"line":499,"column":null}},"235":{"start":{"line":500,"column":4},"end":{"line":500,"column":null}},"236":{"start":{"line":502,"column":4},"end":{"line":502,"column":null}},"237":{"start":{"line":504,"column":4},"end":{"line":504,"column":null}},"238":{"start":{"line":505,"column":4},"end":{"line":509,"column":null}},"239":{"start":{"line":510,"column":4},"end":{"line":510,"column":null}},"240":{"start":{"line":518,"column":2},"end":{"line":518,"column":null}},"241":{"start":{"line":518,"column":18},"end":{"line":518,"column":null}},"242":{"start":{"line":519,"column":16},"end":{"line":522,"column":null}},"243":{"start":{"line":523,"column":2},"end":{"line":523,"column":null}},"244":{"start":{"line":524,"column":2},"end":{"line":524,"column":null}},"245":{"start":{"line":533,"column":2},"end":{"line":533,"column":null}},"246":{"start":{"line":533,"column":18},"end":{"line":533,"column":null}},"247":{"start":{"line":534,"column":2},"end":{"line":538,"column":null}},"248":{"start":{"line":539,"column":2},"end":{"line":539,"column":null}},"249":{"start":{"line":540,"column":2},"end":{"line":540,"column":null}},"250":{"start":{"line":545,"column":15},"end":{"line":545,"column":null}},"251":{"start":{"line":546,"column":2},"end":{"line":546,"column":null}},"252":{"start":{"line":546,"column":33},"end":{"line":546,"column":73}},"253":{"start":{"line":547,"column":2},"end":{"line":547,"column":null}},"254":{"start":{"line":547,"column":18},"end":{"line":547,"column":null}},"255":{"start":{"line":548,"column":2},"end":{"line":553,"column":null}},"256":{"start":{"line":549,"column":4},"end":{"line":549,"column":null}},"257":{"start":{"line":551,"column":4},"end":{"line":551,"column":null}},"258":{"start":{"line":552,"column":4},"end":{"line":552,"column":null}},"259":{"start":{"line":558,"column":2},"end":{"line":558,"column":null}},"260":{"start":{"line":558,"column":23},"end":{"line":558,"column":null}},"261":{"start":{"line":559,"column":2},"end":{"line":559,"column":null}},"262":{"start":{"line":559,"column":33},"end":{"line":559,"column":65}},"263":{"start":{"line":560,"column":2},"end":{"line":560,"column":null}},"264":{"start":{"line":560,"column":18},"end":{"line":560,"column":null}},"265":{"start":{"line":561,"column":2},"end":{"line":566,"column":null}},"266":{"start":{"line":562,"column":4},"end":{"line":562,"column":null}},"267":{"start":{"line":564,"column":4},"end":{"line":564,"column":null}},"268":{"start":{"line":565,"column":4},"end":{"line":565,"column":null}},"269":{"start":{"line":571,"column":6},"end":{"line":571,"column":null}},"270":{"start":{"line":572,"column":8},"end":{"line":572,"column":null}},"271":{"start":{"line":573,"column":16},"end":{"line":573,"column":null}},"272":{"start":{"line":574,"column":2},"end":{"line":574,"column":null}},"273":{"start":{"line":574,"column":21},"end":{"line":574,"column":null}},"274":{"start":{"line":575,"column":2},"end":{"line":575,"column":null}},"275":{"start":{"line":575,"column":27},"end":{"line":575,"column":null}},"276":{"start":{"line":576,"column":2},"end":{"line":576,"column":null}},"277":{"start":{"line":580,"column":2},"end":{"line":580,"column":null}},"278":{"start":{"line":580,"column":18},"end":{"line":580,"column":null}},"279":{"start":{"line":581,"column":2},"end":{"line":581,"column":null}},"280":{"start":{"line":582,"column":2},"end":{"line":582,"column":null}},"281":{"start":{"line":586,"column":2},"end":{"line":586,"column":null}},"282":{"start":{"line":586,"column":18},"end":{"line":586,"column":null}},"283":{"start":{"line":587,"column":2},"end":{"line":592,"column":null}},"284":{"start":{"line":597,"column":2},"end":{"line":597,"column":null}},"285":{"start":{"line":597,"column":18},"end":{"line":597,"column":null}},"286":{"start":{"line":598,"column":2},"end":{"line":609,"column":null}},"287":{"start":{"line":599,"column":4},"end":{"line":599,"column":null}},"288":{"start":{"line":600,"column":4},"end":{"line":600,"column":null}},"289":{"start":{"line":602,"column":4},"end":{"line":602,"column":null}},"290":{"start":{"line":603,"column":4},"end":{"line":607,"column":null}},"291":{"start":{"line":608,"column":4},"end":{"line":608,"column":null}},"292":{"start":{"line":614,"column":2},"end":{"line":614,"column":null}},"293":{"start":{"line":614,"column":18},"end":{"line":614,"column":null}},"294":{"start":{"line":615,"column":2},"end":{"line":626,"column":null}},"295":{"start":{"line":616,"column":4},"end":{"line":616,"column":null}},"296":{"start":{"line":617,"column":4},"end":{"line":617,"column":null}},"297":{"start":{"line":619,"column":4},"end":{"line":619,"column":null}},"298":{"start":{"line":620,"column":4},"end":{"line":624,"column":null}},"299":{"start":{"line":625,"column":4},"end":{"line":625,"column":null}},"300":{"start":{"line":631,"column":2},"end":{"line":631,"column":null}},"301":{"start":{"line":631,"column":18},"end":{"line":631,"column":null}},"302":{"start":{"line":632,"column":2},"end":{"line":645,"column":null}},"303":{"start":{"line":633,"column":4},"end":{"line":633,"column":null}},"304":{"start":{"line":635,"column":4},"end":{"line":635,"column":null}},"305":{"start":{"line":635,"column":38},"end":{"line":635,"column":72}},"306":{"start":{"line":636,"column":4},"end":{"line":636,"column":null}},"307":{"start":{"line":638,"column":4},"end":{"line":638,"column":null}},"308":{"start":{"line":639,"column":4},"end":{"line":643,"column":null}},"309":{"start":{"line":644,"column":4},"end":{"line":644,"column":null}},"310":{"start":{"line":662,"column":13},"end":{"line":662,"column":null}},"311":{"start":{"line":666,"column":2},"end":{"line":666,"column":null}},"312":{"start":{"line":666,"column":34},"end":{"line":666,"column":82}},"313":{"start":{"line":671,"column":2},"end":{"line":671,"column":null}},"314":{"start":{"line":683,"column":41},"end":{"line":683,"column":null}},"315":{"start":{"line":685,"column":4},"end":{"line":691,"column":null}},"316":{"start":{"line":686,"column":6},"end":{"line":688,"column":null}},"317":{"start":{"line":687,"column":8},"end":{"line":687,"column":null}},"318":{"start":{"line":690,"column":6},"end":{"line":690,"column":null}},"319":{"start":{"line":693,"column":2},"end":{"line":693,"column":null}},"320":{"start":{"line":694,"column":2},"end":{"line":694,"column":null}},"321":{"start":{"line":702,"column":27},"end":{"line":702,"column":null}},"322":{"start":{"line":705,"column":2},"end":{"line":705,"column":null}},"323":{"start":{"line":705,"column":18},"end":{"line":705,"column":null}},"324":{"start":{"line":708,"column":19},"end":{"line":708,"column":null}},"325":{"start":{"line":709,"column":2},"end":{"line":712,"column":null}},"326":{"start":{"line":710,"column":4},"end":{"line":710,"column":null}},"327":{"start":{"line":711,"column":4},"end":{"line":711,"column":null}},"328":{"start":{"line":715,"column":8},"end":{"line":715,"column":null}},"329":{"start":{"line":716,"column":18},"end":{"line":716,"column":null}},"330":{"start":{"line":718,"column":41},"end":{"line":718,"column":null}},"331":{"start":{"line":719,"column":2},"end":{"line":726,"column":null}},"332":{"start":{"line":720,"column":4},"end":{"line":720,"column":null}},"333":{"start":{"line":720,"column":17},"end":{"line":720,"column":null}},"334":{"start":{"line":721,"column":15},"end":{"line":721,"column":null}},"335":{"start":{"line":722,"column":21},"end":{"line":724,"column":null}},"336":{"start":{"line":723,"column":6},"end":{"line":723,"column":null}},"337":{"start":{"line":725,"column":4},"end":{"line":725,"column":null}},"338":{"start":{"line":728,"column":2},"end":{"line":730,"column":null}},"339":{"start":{"line":729,"column":4},"end":{"line":729,"column":null}},"340":{"start":{"line":729,"column":31},"end":{"line":729,"column":34}},"341":{"start":{"line":733,"column":13},"end":{"line":733,"column":null}},"342":{"start":{"line":737,"column":2},"end":{"line":737,"column":null}},"343":{"start":{"line":737,"column":18},"end":{"line":737,"column":null}},"344":{"start":{"line":738,"column":2},"end":{"line":762,"column":null}},"345":{"start":{"line":739,"column":17},"end":{"line":739,"column":null}},"346":{"start":{"line":740,"column":4},"end":{"line":740,"column":null}},"347":{"start":{"line":744,"column":4},"end":{"line":747,"column":null}},"348":{"start":{"line":745,"column":19},"end":{"line":745,"column":null}},"349":{"start":{"line":746,"column":6},"end":{"line":746,"column":null}},"350":{"start":{"line":746,"column":38},"end":{"line":746,"column":60}},"351":{"start":{"line":750,"column":10},"end":{"line":750,"column":null}},"352":{"start":{"line":751,"column":4},"end":{"line":753,"column":null}},"353":{"start":{"line":752,"column":6},"end":{"line":752,"column":null}},"354":{"start":{"line":755,"column":4},"end":{"line":755,"column":null}},"355":{"start":{"line":756,"column":1},"end":{"line":760,"column":null}},"356":{"start":{"line":761,"column":1},"end":{"line":761,"column":null}},"357":{"start":{"line":767,"column":2},"end":{"line":767,"column":null}},"358":{"start":{"line":767,"column":18},"end":{"line":767,"column":null}},"359":{"start":{"line":768,"column":2},"end":{"line":773,"column":null}},"360":{"start":{"line":769,"column":4},"end":{"line":769,"column":null}},"361":{"start":{"line":770,"column":4},"end":{"line":770,"column":null}},"362":{"start":{"line":772,"column":4},"end":{"line":772,"column":null}},"363":{"start":{"line":778,"column":2},"end":{"line":778,"column":null}},"364":{"start":{"line":778,"column":18},"end":{"line":778,"column":null}},"365":{"start":{"line":779,"column":2},"end":{"line":784,"column":null}},"366":{"start":{"line":780,"column":4},"end":{"line":780,"column":null}},"367":{"start":{"line":781,"column":4},"end":{"line":781,"column":null}},"368":{"start":{"line":783,"column":4},"end":{"line":783,"column":null}},"369":{"start":{"line":789,"column":2},"end":{"line":789,"column":null}},"370":{"start":{"line":789,"column":18},"end":{"line":789,"column":null}},"371":{"start":{"line":790,"column":2},"end":{"line":795,"column":null}},"372":{"start":{"line":791,"column":4},"end":{"line":791,"column":null}},"373":{"start":{"line":792,"column":4},"end":{"line":792,"column":null}},"374":{"start":{"line":794,"column":4},"end":{"line":794,"column":null}}},"fnMap":{"0":{"name":"normalizeSplitRatios","decl":{"start":{"line":8,"column":9},"end":{"line":8,"column":30}},"loc":{"start":{"line":8,"column":57},"end":{"line":12,"column":null}},"line":8},"1":{"name":"(anonymous_1)","decl":{"start":{"line":9,"column":25},"end":{"line":9,"column":26}},"loc":{"start":{"line":9,"column":35},"end":{"line":9,"column":42}},"line":9},"2":{"name":"(anonymous_2)","decl":{"start":{"line":10,"column":34},"end":{"line":10,"column":40}},"loc":{"start":{"line":10,"column":40},"end":{"line":10,"column":71}},"line":10},"3":{"name":"(anonymous_3)","decl":{"start":{"line":11,"column":19},"end":{"line":11,"column":20}},"loc":{"start":{"line":11,"column":27},"end":{"line":11,"column":39}},"line":11},"4":{"name":"applyRatiosAtPath","decl":{"start":{"line":15,"column":9},"end":{"line":15,"column":null}},"loc":{"start":{"line":19,"column":12},"end":{"line":34,"column":null}},"line":19},"5":{"name":"(anonymous_5)","decl":{"start":{"line":30,"column":32},"end":{"line":30,"column":33}},"loc":{"start":{"line":31,"column":6},"end":{"line":31,"column":null}},"line":31},"6":{"name":"pathKey","decl":{"start":{"line":125,"column":9},"end":{"line":125,"column":17}},"loc":{"start":{"line":125,"column":41},"end":{"line":127,"column":null}},"line":125},"7":{"name":"clearSplitHoverTimer","decl":{"start":{"line":129,"column":9},"end":{"line":129,"column":32}},"loc":{"start":{"line":129,"column":32},"end":{"line":134,"column":null}},"line":129},"8":{"name":"clearJunctionRegistry","decl":{"start":{"line":140,"column":16},"end":{"line":140,"column":40}},"loc":{"start":{"line":140,"column":40},"end":{"line":142,"column":null}},"line":140},"9":{"name":"registerJunction","decl":{"start":{"line":144,"column":16},"end":{"line":144,"column":33}},"loc":{"start":{"line":144,"column":56},"end":{"line":153,"column":null}},"line":144},"10":{"name":"(anonymous_10)","decl":{"start":{"line":149,"column":21},"end":{"line":149,"column":22}},"loc":{"start":{"line":149,"column":28},"end":{"line":149,"column":48}},"line":149},"11":{"name":"findJunctionsNearPosition","decl":{"start":{"line":155,"column":16},"end":{"line":155,"column":null}},"loc":{"start":{"line":159,"column":17},"end":{"line":175,"column":null}},"line":159},"12":{"name":"normalizeWithin100","decl":{"start":{"line":177,"column":9},"end":{"line":177,"column":28}},"loc":{"start":{"line":177,"column":56},"end":{"line":181,"column":null}},"line":177},"13":{"name":"(anonymous_13)","decl":{"start":{"line":178,"column":28},"end":{"line":178,"column":29}},"loc":{"start":{"line":178,"column":38},"end":{"line":178,"column":45}},"line":178},"14":{"name":"(anonymous_14)","decl":{"start":{"line":179,"column":37},"end":{"line":179,"column":43}},"loc":{"start":{"line":179,"column":43},"end":{"line":179,"column":75}},"line":179},"15":{"name":"(anonymous_15)","decl":{"start":{"line":180,"column":20},"end":{"line":180,"column":21}},"loc":{"start":{"line":180,"column":28},"end":{"line":180,"column":42}},"line":180},"16":{"name":"getSplitNodeByPath","decl":{"start":{"line":183,"column":9},"end":{"line":183,"column":null}},"loc":{"start":{"line":186,"column":47},"end":{"line":194,"column":null}},"line":186},"17":{"name":"adjustRatiosBySplitterDelta","decl":{"start":{"line":196,"column":9},"end":{"line":196,"column":null}},"loc":{"start":{"line":200,"column":12},"end":{"line":225,"column":null}},"line":200},"18":{"name":"(anonymous_18)","decl":{"start":{"line":207,"column":34},"end":{"line":207,"column":35}},"loc":{"start":{"line":207,"column":44},"end":{"line":207,"column":51}},"line":207},"19":{"name":"(anonymous_19)","decl":{"start":{"line":208,"column":32},"end":{"line":208,"column":33}},"loc":{"start":{"line":208,"column":42},"end":{"line":208,"column":49}},"line":208},"20":{"name":"(anonymous_20)","decl":{"start":{"line":221,"column":30},"end":{"line":221,"column":31}},"loc":{"start":{"line":222,"column":4},"end":{"line":222,"column":null}},"line":222},"21":{"name":"dedupeRefs","decl":{"start":{"line":227,"column":9},"end":{"line":227,"column":20}},"loc":{"start":{"line":227,"column":56},"end":{"line":237,"column":null}},"line":227},"22":{"name":"updatesFromSnapshots","decl":{"start":{"line":239,"column":9},"end":{"line":239,"column":null}},"loc":{"start":{"line":243,"column":22},"end":{"line":271,"column":null}},"line":243},"23":{"name":"applyRatioUpdates","decl":{"start":{"line":273,"column":9},"end":{"line":273,"column":null}},"loc":{"start":{"line":276,"column":12},"end":{"line":282,"column":null}},"line":276},"24":{"name":"setGlobalSplitResizeCursor","decl":{"start":{"line":284,"column":9},"end":{"line":284,"column":36}},"loc":{"start":{"line":284,"column":54},"end":{"line":287,"column":null}},"line":284},"25":{"name":"queueSplitResizeJunction","decl":{"start":{"line":289,"column":16},"end":{"line":289,"column":null}},"loc":{"start":{"line":295,"column":2},"end":{"line":319,"column":null}},"line":295},"26":{"name":"(anonymous_26)","decl":{"start":{"line":308,"column":31},"end":{"line":308,"column":37}},"loc":{"start":{"line":308,"column":37},"end":{"line":318,"column":5}},"line":308},"27":{"name":"clearSplitResizeUi","decl":{"start":{"line":321,"column":16},"end":{"line":321,"column":37}},"loc":{"start":{"line":321,"column":37},"end":{"line":328,"column":null}},"line":321},"28":{"name":"startSplitResizeDrag","decl":{"start":{"line":330,"column":16},"end":{"line":330,"column":37}},"loc":{"start":{"line":330,"column":72},"end":{"line":383,"column":null}},"line":330},"29":{"name":"updateSplitResizeDrag","decl":{"start":{"line":385,"column":16},"end":{"line":385,"column":38}},"loc":{"start":{"line":385,"column":73},"end":{"line":395,"column":null}},"line":385},"30":{"name":"(anonymous_30)","decl":{"start":{"line":389,"column":23},"end":{"line":389,"column":24}},"loc":{"start":{"line":389,"column":33},"end":{"line":389,"column":65}},"line":389},"31":{"name":"finishSplitResizeDrag","decl":{"start":{"line":397,"column":16},"end":{"line":397,"column":60}},"loc":{"start":{"line":397,"column":60},"end":{"line":407,"column":null}},"line":397},"32":{"name":"getAllPaneIds","decl":{"start":{"line":409,"column":16},"end":{"line":409,"column":30}},"loc":{"start":{"line":409,"column":56},"end":{"line":420,"column":null}},"line":409},"33":{"name":"traverse","decl":{"start":{"line":411,"column":11},"end":{"line":411,"column":20}},"loc":{"start":{"line":411,"column":33},"end":{"line":417,"column":null}},"line":411},"34":{"name":"reconcileActivePaneId","decl":{"start":{"line":423,"column":9},"end":{"line":423,"column":31}},"loc":{"start":{"line":423,"column":49},"end":{"line":428,"column":null}},"line":423},"35":{"name":"syncPaneLayoutFromBackend","decl":{"start":{"line":430,"column":22},"end":{"line":430,"column":50}},"loc":{"start":{"line":430,"column":50},"end":{"line":452,"column":null}},"line":430},"36":{"name":"refreshWorkspaces","decl":{"start":{"line":454,"column":22},"end":{"line":454,"column":42}},"loc":{"start":{"line":454,"column":42},"end":{"line":475,"column":null}},"line":454},"37":{"name":"createWorkspace","decl":{"start":{"line":477,"column":22},"end":{"line":477,"column":40}},"loc":{"start":{"line":477,"column":40},"end":{"line":491,"column":null}},"line":477},"38":{"name":"switchWorkspace","decl":{"start":{"line":493,"column":22},"end":{"line":493,"column":38}},"loc":{"start":{"line":493,"column":59},"end":{"line":512,"column":null}},"line":493},"39":{"name":"splitPane","decl":{"start":{"line":514,"column":22},"end":{"line":514,"column":null}},"loc":{"start":{"line":517,"column":2},"end":{"line":525,"column":null}},"line":517},"40":{"name":"dockPane","decl":{"start":{"line":528,"column":22},"end":{"line":528,"column":null}},"loc":{"start":{"line":532,"column":2},"end":{"line":541,"column":null}},"line":532},"41":{"name":"persistSplitRatios","decl":{"start":{"line":544,"column":22},"end":{"line":544,"column":41}},"loc":{"start":{"line":544,"column":79},"end":{"line":554,"column":null}},"line":544},"42":{"name":"(anonymous_42)","decl":{"start":{"line":546,"column":23},"end":{"line":546,"column":24}},"loc":{"start":{"line":546,"column":33},"end":{"line":546,"column":73}},"line":546},"43":{"name":"persistSplitRatiosBatch","decl":{"start":{"line":557,"column":22},"end":{"line":557,"column":46}},"loc":{"start":{"line":557,"column":75},"end":{"line":567,"column":null}},"line":557},"44":{"name":"(anonymous_44)","decl":{"start":{"line":559,"column":23},"end":{"line":559,"column":24}},"loc":{"start":{"line":559,"column":33},"end":{"line":559,"column":65}},"line":559},"45":{"name":"splitActivePane","decl":{"start":{"line":570,"column":22},"end":{"line":570,"column":38}},"loc":{"start":{"line":570,"column":76},"end":{"line":577,"column":null}},"line":570},"46":{"name":"closePane","decl":{"start":{"line":579,"column":22},"end":{"line":579,"column":32}},"loc":{"start":{"line":579,"column":48},"end":{"line":583,"column":null}},"line":579},"47":{"name":"toggleEditor","decl":{"start":{"line":585,"column":22},"end":{"line":585,"column":35}},"loc":{"start":{"line":585,"column":70},"end":{"line":593,"column":null}},"line":585},"48":{"name":"closeWorkspace","decl":{"start":{"line":596,"column":22},"end":{"line":596,"column":37}},"loc":{"start":{"line":596,"column":58},"end":{"line":610,"column":null}},"line":596},"49":{"name":"reorderWorkspaces","decl":{"start":{"line":613,"column":22},"end":{"line":613,"column":40}},"loc":{"start":{"line":613,"column":76},"end":{"line":627,"column":null}},"line":613},"50":{"name":"renameWorkspace","decl":{"start":{"line":630,"column":22},"end":{"line":630,"column":38}},"loc":{"start":{"line":630,"column":73},"end":{"line":646,"column":null}},"line":630},"51":{"name":"(anonymous_51)","decl":{"start":{"line":635,"column":26},"end":{"line":635,"column":27}},"loc":{"start":{"line":635,"column":38},"end":{"line":635,"column":72}},"line":635},"52":{"name":"setPaneCwd","decl":{"start":{"line":665,"column":16},"end":{"line":665,"column":27}},"loc":{"start":{"line":665,"column":77},"end":{"line":667,"column":null}},"line":665},"53":{"name":"(anonymous_53)","decl":{"start":{"line":666,"column":22},"end":{"line":666,"column":23}},"loc":{"start":{"line":666,"column":34},"end":{"line":666,"column":82}},"line":666},"54":{"name":"getPaneCwd","decl":{"start":{"line":670,"column":16},"end":{"line":670,"column":27}},"loc":{"start":{"line":670,"column":84},"end":{"line":672,"column":null}},"line":670},"55":{"name":"extractCwdsFromLayout","decl":{"start":{"line":679,"column":16},"end":{"line":679,"column":null}},"loc":{"start":{"line":682,"column":26},"end":{"line":695,"column":null}},"line":682},"56":{"name":"traverse","decl":{"start":{"line":684,"column":11},"end":{"line":684,"column":20}},"loc":{"start":{"line":684,"column":39},"end":{"line":692,"column":null}},"line":684},"57":{"name":"setupPaneCwdListeners","decl":{"start":{"line":704,"column":22},"end":{"line":704,"column":44}},"loc":{"start":{"line":704,"column":80},"end":{"line":731,"column":null}},"line":704},"58":{"name":"(anonymous_58)","decl":{"start":{"line":722,"column":55},"end":{"line":722,"column":56}},"loc":{"start":{"line":722,"column":62},"end":{"line":724,"column":5}},"line":722},"59":{"name":"(anonymous_59)","decl":{"start":{"line":728,"column":38},"end":{"line":728,"column":44}},"loc":{"start":{"line":728,"column":44},"end":{"line":730,"column":3}},"line":728},"60":{"name":"(anonymous_60)","decl":{"start":{"line":729,"column":24},"end":{"line":729,"column":25}},"loc":{"start":{"line":729,"column":31},"end":{"line":729,"column":34}},"line":729},"61":{"name":"loadSavedWorkspaces","decl":{"start":{"line":736,"column":22},"end":{"line":736,"column":44}},"loc":{"start":{"line":736,"column":44},"end":{"line":763,"column":null}},"line":736},"62":{"name":"(anonymous_62)","decl":{"start":{"line":746,"column":26},"end":{"line":746,"column":27}},"loc":{"start":{"line":746,"column":38},"end":{"line":746,"column":60}},"line":746},"63":{"name":"saveCurrentWorkspace","decl":{"start":{"line":766,"column":22},"end":{"line":766,"column":45}},"loc":{"start":{"line":766,"column":45},"end":{"line":774,"column":null}},"line":766},"64":{"name":"deleteSavedWorkspace","decl":{"start":{"line":777,"column":22},"end":{"line":777,"column":43}},"loc":{"start":{"line":777,"column":55},"end":{"line":785,"column":null}},"line":777},"65":{"name":"renameSavedWorkspace","decl":{"start":{"line":788,"column":22},"end":{"line":788,"column":43}},"loc":{"start":{"line":788,"column":69},"end":{"line":796,"column":null}},"line":788}},"branchMap":{"0":{"loc":{"start":{"line":10,"column":2},"end":{"line":10,"column":null}},"type":"if","locations":[{"start":{"line":10,"column":2},"end":{"line":10,"column":null}},{"start":{},"end":{}}],"line":10},"1":{"loc":{"start":{"line":20,"column":2},"end":{"line":24,"column":null}},"type":"if","locations":[{"start":{"line":20,"column":2},"end":{"line":24,"column":null}},{"start":{},"end":{}}],"line":20},"2":{"loc":{"start":{"line":21,"column":4},"end":{"line":22,"column":null}},"type":"if","locations":[{"start":{"line":21,"column":4},"end":{"line":22,"column":null}},{"start":{},"end":{}}],"line":21},"3":{"loc":{"start":{"line":21,"column":8},"end":{"line":21,"column":null}},"type":"binary-expr","locations":[{"start":{"line":21,"column":8},"end":{"line":21,"column":33}},{"start":{"line":21,"column":33},"end":{"line":21,"column":null}}],"line":21},"4":{"loc":{"start":{"line":25,"column":2},"end":{"line":25,"column":null}},"type":"if","locations":[{"start":{"line":25,"column":2},"end":{"line":25,"column":null}},{"start":{},"end":{}}],"line":25},"5":{"loc":{"start":{"line":27,"column":2},"end":{"line":27,"column":null}},"type":"if","locations":[{"start":{"line":27,"column":2},"end":{"line":27,"column":null}},{"start":{},"end":{}}],"line":27},"6":{"loc":{"start":{"line":27,"column":6},"end":{"line":27,"column":48}},"type":"binary-expr","locations":[{"start":{"line":27,"column":6},"end":{"line":27,"column":18}},{"start":{"line":27,"column":18},"end":{"line":27,"column":48}}],"line":27},"7":{"loc":{"start":{"line":31,"column":6},"end":{"line":31,"column":null}},"type":"cond-expr","locations":[{"start":{"line":31,"column":19},"end":{"line":31,"column":59}},{"start":{"line":31,"column":59},"end":{"line":31,"column":null}}],"line":31},"8":{"loc":{"start":{"line":130,"column":2},"end":{"line":133,"column":null}},"type":"if","locations":[{"start":{"line":130,"column":2},"end":{"line":133,"column":null}},{"start":{},"end":{}}],"line":130},"9":{"loc":{"start":{"line":148,"column":19},"end":{"line":148,"column":null}},"type":"binary-expr","locations":[{"start":{"line":148,"column":19},"end":{"line":148,"column":48}},{"start":{"line":148,"column":48},"end":{"line":148,"column":null}}],"line":148},"10":{"loc":{"start":{"line":149,"column":2},"end":{"line":152,"column":null}},"type":"if","locations":[{"start":{"line":149,"column":2},"end":{"line":152,"column":null}},{"start":{},"end":{}}],"line":149},"11":{"loc":{"start":{"line":158,"column":2},"end":{"line":158,"column":null}},"type":"default-arg","locations":[{"start":{"line":158,"column":22},"end":{"line":158,"column":null}}],"line":158},"12":{"loc":{"start":{"line":165,"column":4},"end":{"line":172,"column":null}},"type":"if","locations":[{"start":{"line":165,"column":4},"end":{"line":172,"column":null}},{"start":{},"end":{}}],"line":165},"13":{"loc":{"start":{"line":168,"column":8},"end":{"line":170,"column":null}},"type":"if","locations":[{"start":{"line":168,"column":8},"end":{"line":170,"column":null}},{"start":{},"end":{}}],"line":168},"14":{"loc":{"start":{"line":179,"column":2},"end":{"line":179,"column":null}},"type":"if","locations":[{"start":{"line":179,"column":2},"end":{"line":179,"column":null}},{"start":{},"end":{}}],"line":179},"15":{"loc":{"start":{"line":189,"column":4},"end":{"line":189,"column":null}},"type":"if","locations":[{"start":{"line":189,"column":4},"end":{"line":189,"column":null}},{"start":{},"end":{}}],"line":189},"16":{"loc":{"start":{"line":191,"column":4},"end":{"line":191,"column":null}},"type":"if","locations":[{"start":{"line":191,"column":4},"end":{"line":191,"column":null}},{"start":{},"end":{}}],"line":191},"17":{"loc":{"start":{"line":193,"column":9},"end":{"line":193,"column":null}},"type":"cond-expr","locations":[{"start":{"line":193,"column":32},"end":{"line":193,"column":38}},{"start":{"line":193,"column":38},"end":{"line":193,"column":null}}],"line":193},"18":{"loc":{"start":{"line":202,"column":2},"end":{"line":202,"column":null}},"type":"if","locations":[{"start":{"line":202,"column":2},"end":{"line":202,"column":null}},{"start":{},"end":{}}],"line":202},"19":{"loc":{"start":{"line":203,"column":2},"end":{"line":203,"column":null}},"type":"if","locations":[{"start":{"line":203,"column":2},"end":{"line":203,"column":null}},{"start":{},"end":{}}],"line":203},"20":{"loc":{"start":{"line":203,"column":6},"end":{"line":203,"column":51}},"type":"binary-expr","locations":[{"start":{"line":203,"column":6},"end":{"line":203,"column":27}},{"start":{"line":203,"column":27},"end":{"line":203,"column":51}}],"line":203},"21":{"loc":{"start":{"line":209,"column":2},"end":{"line":209,"column":null}},"type":"if","locations":[{"start":{"line":209,"column":2},"end":{"line":209,"column":null}},{"start":{},"end":{}}],"line":209},"22":{"loc":{"start":{"line":209,"column":6},"end":{"line":209,"column":45}},"type":"binary-expr","locations":[{"start":{"line":209,"column":6},"end":{"line":209,"column":27}},{"start":{"line":209,"column":27},"end":{"line":209,"column":45}}],"line":209},"23":{"loc":{"start":{"line":222,"column":4},"end":{"line":222,"column":null}},"type":"cond-expr","locations":[{"start":{"line":222,"column":27},"end":{"line":222,"column":49}},{"start":{"line":222,"column":49},"end":{"line":222,"column":null}}],"line":222},"24":{"loc":{"start":{"line":232,"column":4},"end":{"line":232,"column":null}},"type":"if","locations":[{"start":{"line":232,"column":4},"end":{"line":232,"column":null}},{"start":{},"end":{}}],"line":232},"25":{"loc":{"start":{"line":248,"column":4},"end":{"line":249,"column":null}},"type":"if","locations":[{"start":{"line":248,"column":4},"end":{"line":249,"column":null}},{"start":{"line":249,"column":9},"end":{"line":249,"column":null}}],"line":248},"26":{"loc":{"start":{"line":255,"column":6},"end":{"line":255,"column":null}},"type":"if","locations":[{"start":{"line":255,"column":6},"end":{"line":255,"column":null}},{"start":{},"end":{}}],"line":255},"27":{"loc":{"start":{"line":257,"column":8},"end":{"line":257,"column":null}},"type":"cond-expr","locations":[{"start":{"line":257,"column":27},"end":{"line":257,"column":53}},{"start":{"line":257,"column":53},"end":{"line":257,"column":null}}],"line":257},"28":{"loc":{"start":{"line":259,"column":23},"end":{"line":259,"column":null}},"type":"cond-expr","locations":[{"start":{"line":259,"column":35},"end":{"line":259,"column":41}},{"start":{"line":259,"column":41},"end":{"line":259,"column":null}}],"line":259},"29":{"loc":{"start":{"line":260,"column":22},"end":{"line":260,"column":null}},"type":"cond-expr","locations":[{"start":{"line":260,"column":57},"end":{"line":260,"column":61}},{"start":{"line":260,"column":61},"end":{"line":260,"column":null}}],"line":260},"30":{"loc":{"start":{"line":285,"column":2},"end":{"line":285,"column":null}},"type":"if","locations":[{"start":{"line":285,"column":2},"end":{"line":285,"column":null}},{"start":{},"end":{}}],"line":285},"31":{"loc":{"start":{"line":299,"column":2},"end":{"line":299,"column":null}},"type":"if","locations":[{"start":{"line":299,"column":2},"end":{"line":299,"column":null}},{"start":{},"end":{}}],"line":299},"32":{"loc":{"start":{"line":324,"column":2},"end":{"line":326,"column":null}},"type":"if","locations":[{"start":{"line":324,"column":2},"end":{"line":326,"column":null}},{"start":{},"end":{}}],"line":324},"33":{"loc":{"start":{"line":332,"column":2},"end":{"line":332,"column":null}},"type":"if","locations":[{"start":{"line":332,"column":2},"end":{"line":332,"column":null}},{"start":{},"end":{}}],"line":332},"34":{"loc":{"start":{"line":337,"column":4},"end":{"line":337,"column":null}},"type":"binary-expr","locations":[{"start":{"line":337,"column":4},"end":{"line":337,"column":29}},{"start":{"line":337,"column":29},"end":{"line":337,"column":null}}],"line":337},"35":{"loc":{"start":{"line":341,"column":2},"end":{"line":343,"column":null}},"type":"if","locations":[{"start":{"line":341,"column":2},"end":{"line":343,"column":null}},{"start":{},"end":{}}],"line":341},"36":{"loc":{"start":{"line":349,"column":4},"end":{"line":349,"column":null}},"type":"if","locations":[{"start":{"line":349,"column":4},"end":{"line":349,"column":null}},{"start":{},"end":{}}],"line":349},"37":{"loc":{"start":{"line":351,"column":4},"end":{"line":363,"column":null}},"type":"if","locations":[{"start":{"line":351,"column":4},"end":{"line":363,"column":null}},{"start":{},"end":{}}],"line":351},"38":{"loc":{"start":{"line":357,"column":6},"end":{"line":362,"column":null}},"type":"if","locations":[{"start":{"line":357,"column":6},"end":{"line":362,"column":null}},{"start":{},"end":{}}],"line":357},"39":{"loc":{"start":{"line":360,"column":10},"end":{"line":360,"column":null}},"type":"cond-expr","locations":[{"start":{"line":360,"column":29},"end":{"line":360,"column":53}},{"start":{"line":360,"column":53},"end":{"line":360,"column":null}}],"line":360},"40":{"loc":{"start":{"line":370,"column":2},"end":{"line":370,"column":null}},"type":"if","locations":[{"start":{"line":370,"column":2},"end":{"line":370,"column":null}},{"start":{},"end":{}}],"line":370},"41":{"loc":{"start":{"line":380,"column":2},"end":{"line":382,"column":null}},"type":"if","locations":[{"start":{"line":380,"column":2},"end":{"line":382,"column":null}},{"start":{},"end":{}}],"line":380},"42":{"loc":{"start":{"line":380,"column":6},"end":{"line":380,"column":53}},"type":"binary-expr","locations":[{"start":{"line":380,"column":6},"end":{"line":380,"column":20}},{"start":{"line":380,"column":20},"end":{"line":380,"column":53}}],"line":380},"43":{"loc":{"start":{"line":387,"column":2},"end":{"line":387,"column":null}},"type":"if","locations":[{"start":{"line":387,"column":2},"end":{"line":387,"column":null}},{"start":{},"end":{}}],"line":387},"44":{"loc":{"start":{"line":401,"column":2},"end":{"line":403,"column":null}},"type":"if","locations":[{"start":{"line":401,"column":2},"end":{"line":403,"column":null}},{"start":{},"end":{}}],"line":401},"45":{"loc":{"start":{"line":405,"column":2},"end":{"line":405,"column":null}},"type":"if","locations":[{"start":{"line":405,"column":2},"end":{"line":405,"column":null}},{"start":{},"end":{}}],"line":405},"46":{"loc":{"start":{"line":412,"column":4},"end":{"line":416,"column":null}},"type":"if","locations":[{"start":{"line":412,"column":4},"end":{"line":416,"column":null}},{"start":{"line":414,"column":11},"end":{"line":416,"column":null}}],"line":412},"47":{"loc":{"start":{"line":413,"column":6},"end":{"line":413,"column":null}},"type":"if","locations":[{"start":{"line":413,"column":6},"end":{"line":413,"column":null}},{"start":{},"end":{}}],"line":413},"48":{"loc":{"start":{"line":425,"column":2},"end":{"line":425,"column":null}},"type":"if","locations":[{"start":{"line":425,"column":2},"end":{"line":425,"column":null}},{"start":{},"end":{}}],"line":425},"49":{"loc":{"start":{"line":427,"column":2},"end":{"line":427,"column":null}},"type":"if","locations":[{"start":{"line":427,"column":2},"end":{"line":427,"column":null}},{"start":{},"end":{}}],"line":427},"50":{"loc":{"start":{"line":427,"column":6},"end":{"line":427,"column":34}},"type":"binary-expr","locations":[{"start":{"line":427,"column":6},"end":{"line":427,"column":14}},{"start":{"line":427,"column":14},"end":{"line":427,"column":34}}],"line":427},"51":{"loc":{"start":{"line":431,"column":2},"end":{"line":431,"column":null}},"type":"if","locations":[{"start":{"line":431,"column":2},"end":{"line":431,"column":null}},{"start":{},"end":{}}],"line":431},"52":{"loc":{"start":{"line":441,"column":13},"end":{"line":441,"column":null}},"type":"cond-expr","locations":[{"start":{"line":441,"column":34},"end":{"line":441,"column":44}},{"start":{"line":441,"column":44},"end":{"line":441,"column":null}}],"line":441},"53":{"loc":{"start":{"line":449,"column":2},"end":{"line":451,"column":null}},"type":"if","locations":[{"start":{"line":449,"column":2},"end":{"line":451,"column":null}},{"start":{},"end":{}}],"line":449},"54":{"loc":{"start":{"line":455,"column":2},"end":{"line":455,"column":null}},"type":"if","locations":[{"start":{"line":455,"column":2},"end":{"line":455,"column":null}},{"start":{},"end":{}}],"line":455},"55":{"loc":{"start":{"line":471,"column":13},"end":{"line":471,"column":null}},"type":"cond-expr","locations":[{"start":{"line":471,"column":34},"end":{"line":471,"column":44}},{"start":{"line":471,"column":44},"end":{"line":471,"column":null}}],"line":471},"56":{"loc":{"start":{"line":478,"column":2},"end":{"line":478,"column":null}},"type":"if","locations":[{"start":{"line":478,"column":2},"end":{"line":478,"column":null}},{"start":{},"end":{}}],"line":478},"57":{"loc":{"start":{"line":487,"column":13},"end":{"line":487,"column":null}},"type":"cond-expr","locations":[{"start":{"line":487,"column":34},"end":{"line":487,"column":44}},{"start":{"line":487,"column":44},"end":{"line":487,"column":null}}],"line":487},"58":{"loc":{"start":{"line":494,"column":2},"end":{"line":494,"column":null}},"type":"if","locations":[{"start":{"line":494,"column":2},"end":{"line":494,"column":null}},{"start":{},"end":{}}],"line":494},"59":{"loc":{"start":{"line":508,"column":13},"end":{"line":508,"column":null}},"type":"cond-expr","locations":[{"start":{"line":508,"column":34},"end":{"line":508,"column":44}},{"start":{"line":508,"column":44},"end":{"line":508,"column":null}}],"line":508},"60":{"loc":{"start":{"line":518,"column":2},"end":{"line":518,"column":null}},"type":"if","locations":[{"start":{"line":518,"column":2},"end":{"line":518,"column":null}},{"start":{},"end":{}}],"line":518},"61":{"loc":{"start":{"line":533,"column":2},"end":{"line":533,"column":null}},"type":"if","locations":[{"start":{"line":533,"column":2},"end":{"line":533,"column":null}},{"start":{},"end":{}}],"line":533},"62":{"loc":{"start":{"line":547,"column":2},"end":{"line":547,"column":null}},"type":"if","locations":[{"start":{"line":547,"column":2},"end":{"line":547,"column":null}},{"start":{},"end":{}}],"line":547},"63":{"loc":{"start":{"line":558,"column":2},"end":{"line":558,"column":null}},"type":"if","locations":[{"start":{"line":558,"column":2},"end":{"line":558,"column":null}},{"start":{},"end":{}}],"line":558},"64":{"loc":{"start":{"line":560,"column":2},"end":{"line":560,"column":null}},"type":"if","locations":[{"start":{"line":560,"column":2},"end":{"line":560,"column":null}},{"start":{},"end":{}}],"line":560},"65":{"loc":{"start":{"line":574,"column":2},"end":{"line":574,"column":null}},"type":"if","locations":[{"start":{"line":574,"column":2},"end":{"line":574,"column":null}},{"start":{},"end":{}}],"line":574},"66":{"loc":{"start":{"line":575,"column":2},"end":{"line":575,"column":null}},"type":"if","locations":[{"start":{"line":575,"column":2},"end":{"line":575,"column":null}},{"start":{},"end":{}}],"line":575},"67":{"loc":{"start":{"line":580,"column":2},"end":{"line":580,"column":null}},"type":"if","locations":[{"start":{"line":580,"column":2},"end":{"line":580,"column":null}},{"start":{},"end":{}}],"line":580},"68":{"loc":{"start":{"line":586,"column":2},"end":{"line":586,"column":null}},"type":"if","locations":[{"start":{"line":586,"column":2},"end":{"line":586,"column":null}},{"start":{},"end":{}}],"line":586},"69":{"loc":{"start":{"line":590,"column":27},"end":{"line":590,"column":45}},"type":"binary-expr","locations":[{"start":{"line":590,"column":27},"end":{"line":590,"column":39}},{"start":{"line":590,"column":39},"end":{"line":590,"column":45}}],"line":590},"70":{"loc":{"start":{"line":597,"column":2},"end":{"line":597,"column":null}},"type":"if","locations":[{"start":{"line":597,"column":2},"end":{"line":597,"column":null}},{"start":{},"end":{}}],"line":597},"71":{"loc":{"start":{"line":606,"column":13},"end":{"line":606,"column":null}},"type":"cond-expr","locations":[{"start":{"line":606,"column":34},"end":{"line":606,"column":44}},{"start":{"line":606,"column":44},"end":{"line":606,"column":null}}],"line":606},"72":{"loc":{"start":{"line":614,"column":2},"end":{"line":614,"column":null}},"type":"if","locations":[{"start":{"line":614,"column":2},"end":{"line":614,"column":null}},{"start":{},"end":{}}],"line":614},"73":{"loc":{"start":{"line":623,"column":13},"end":{"line":623,"column":null}},"type":"cond-expr","locations":[{"start":{"line":623,"column":34},"end":{"line":623,"column":44}},{"start":{"line":623,"column":44},"end":{"line":623,"column":null}}],"line":623},"74":{"loc":{"start":{"line":631,"column":2},"end":{"line":631,"column":null}},"type":"if","locations":[{"start":{"line":631,"column":2},"end":{"line":631,"column":null}},{"start":{},"end":{}}],"line":631},"75":{"loc":{"start":{"line":642,"column":13},"end":{"line":642,"column":null}},"type":"cond-expr","locations":[{"start":{"line":642,"column":34},"end":{"line":642,"column":44}},{"start":{"line":642,"column":44},"end":{"line":642,"column":null}}],"line":642},"76":{"loc":{"start":{"line":685,"column":4},"end":{"line":691,"column":null}},"type":"if","locations":[{"start":{"line":685,"column":4},"end":{"line":691,"column":null}},{"start":{"line":689,"column":11},"end":{"line":691,"column":null}}],"line":685},"77":{"loc":{"start":{"line":686,"column":6},"end":{"line":688,"column":null}},"type":"if","locations":[{"start":{"line":686,"column":6},"end":{"line":688,"column":null}},{"start":{},"end":{}}],"line":686},"78":{"loc":{"start":{"line":686,"column":10},"end":{"line":686,"column":49}},"type":"binary-expr","locations":[{"start":{"line":686,"column":10},"end":{"line":686,"column":33}},{"start":{"line":686,"column":33},"end":{"line":686,"column":49}}],"line":686},"79":{"loc":{"start":{"line":705,"column":2},"end":{"line":705,"column":null}},"type":"if","locations":[{"start":{"line":705,"column":2},"end":{"line":705,"column":null}},{"start":{},"end":{}}],"line":705},"80":{"loc":{"start":{"line":709,"column":2},"end":{"line":712,"column":null}},"type":"if","locations":[{"start":{"line":709,"column":2},"end":{"line":712,"column":null}},{"start":{},"end":{}}],"line":709},"81":{"loc":{"start":{"line":720,"column":4},"end":{"line":720,"column":null}},"type":"if","locations":[{"start":{"line":720,"column":4},"end":{"line":720,"column":null}},{"start":{},"end":{}}],"line":720},"82":{"loc":{"start":{"line":737,"column":2},"end":{"line":737,"column":null}},"type":"if","locations":[{"start":{"line":737,"column":2},"end":{"line":737,"column":null}},{"start":{},"end":{}}],"line":737},"83":{"loc":{"start":{"line":751,"column":4},"end":{"line":753,"column":null}},"type":"if","locations":[{"start":{"line":751,"column":4},"end":{"line":753,"column":null}},{"start":{},"end":{}}],"line":751},"84":{"loc":{"start":{"line":759,"column":8},"end":{"line":759,"column":null}},"type":"cond-expr","locations":[{"start":{"line":759,"column":29},"end":{"line":759,"column":39}},{"start":{"line":759,"column":39},"end":{"line":759,"column":null}}],"line":759},"85":{"loc":{"start":{"line":767,"column":2},"end":{"line":767,"column":null}},"type":"if","locations":[{"start":{"line":767,"column":2},"end":{"line":767,"column":null}},{"start":{},"end":{}}],"line":767},"86":{"loc":{"start":{"line":778,"column":2},"end":{"line":778,"column":null}},"type":"if","locations":[{"start":{"line":778,"column":2},"end":{"line":778,"column":null}},{"start":{},"end":{}}],"line":778},"87":{"loc":{"start":{"line":789,"column":2},"end":{"line":789,"column":null}},"type":"if","locations":[{"start":{"line":789,"column":2},"end":{"line":789,"column":null}},{"start":{},"end":{}}],"line":789}},"s":{"0":0,"1":0,"2":0,"3":0,"4":0,"5":0,"6":0,"7":0,"8":0,"9":0,"10":0,"11":0,"12":0,"13":0,"14":0,"15":0,"16":0,"17":0,"18":1,"19":1,"20":1,"21":1,"22":1,"23":1,"24":1,"25":1,"26":1,"27":1,"28":0,"29":0,"30":0,"31":0,"32":1,"33":0,"34":0,"35":0,"36":0,"37":0,"38":0,"39":0,"40":0,"41":0,"42":0,"43":0,"44":0,"45":0,"46":0,"47":0,"48":0,"49":0,"50":0,"51":0,"52":0,"53":0,"54":0,"55":0,"56":0,"57":0,"58":0,"59":0,"60":0,"61":0,"62":0,"63":0,"64":0,"65":0,"66":0,"67":0,"68":0,"69":0,"70":0,"71":0,"72":0,"73":0,"74":0,"75":0,"76":0,"77":0,"78":0,"79":0,"80":0,"81":0,"82":0,"83":0,"84":0,"85":0,"86":0,"87":0,"88":0,"89":0,"90":0,"91":0,"92":0,"93":0,"94":0,"95":0,"96":0,"97":0,"98":0,"99":0,"100":0,"101":0,"102":0,"103":0,"104":0,"105":0,"106":0,"107":0,"108":0,"109":0,"110":0,"111":0,"112":0,"113":0,"114":0,"115":0,"116":0,"117":0,"118":0,"119":0,"120":0,"121":0,"122":0,"123":0,"124":0,"125":0,"126":0,"127":0,"128":0,"129":0,"130":0,"131":0,"132":0,"133":0,"134":0,"135":0,"136":0,"137":0,"138":0,"139":0,"140":0,"141":0,"142":0,"143":0,"144":0,"145":0,"146":0,"147":0,"148":0,"149":0,"150":0,"151":0,"152":0,"153":0,"154":0,"155":0,"156":0,"157":0,"158":0,"159":0,"160":0,"161":0,"162":0,"163":0,"164":0,"165":0,"166":0,"167":0,"168":0,"169":0,"170":0,"171":0,"172":0,"173":0,"174":0,"175":0,"176":0,"177":0,"178":0,"179":0,"180":0,"181":0,"182":11,"183":38,"184":27,"185":27,"186":11,"187":11,"188":11,"189":2,"190":2,"191":0,"192":2,"193":2,"194":2,"195":1,"196":0,"197":1,"198":1,"199":1,"200":1,"201":0,"202":0,"203":0,"204":1,"205":1,"206":1,"207":0,"208":0,"209":0,"210":0,"211":0,"212":0,"213":0,"214":0,"215":0,"216":0,"217":0,"218":0,"219":0,"220":0,"221":0,"222":0,"223":0,"224":0,"225":0,"226":0,"227":0,"228":1,"229":0,"230":1,"231":1,"232":1,"233":1,"234":1,"235":1,"236":1,"237":0,"238":0,"239":0,"240":0,"241":0,"242":0,"243":0,"244":0,"245":0,"246":0,"247":0,"248":0,"249":0,"250":0,"251":0,"252":0,"253":0,"254":0,"255":0,"256":0,"257":0,"258":0,"259":0,"260":0,"261":0,"262":0,"263":0,"264":0,"265":0,"266":0,"267":0,"268":0,"269":0,"270":0,"271":0,"272":0,"273":0,"274":0,"275":0,"276":0,"277":0,"278":0,"279":0,"280":0,"281":0,"282":0,"283":0,"284":0,"285":0,"286":0,"287":0,"288":0,"289":0,"290":0,"291":0,"292":0,"293":0,"294":0,"295":0,"296":0,"297":0,"298":0,"299":0,"300":0,"301":0,"302":0,"303":0,"304":0,"305":0,"306":0,"307":0,"308":0,"309":0,"310":1,"311":27,"312":27,"313":6,"314":8,"315":24,"316":16,"317":13,"318":8,"319":8,"320":8,"321":1,"322":9,"323":0,"324":9,"325":9,"326":6,"327":6,"328":9,"329":9,"330":9,"331":9,"332":24,"333":0,"334":24,"335":24,"336":13,"337":24,"338":9,"339":6,"340":18,"341":1,"342":2,"343":0,"344":2,"345":2,"346":0,"347":0,"348":0,"349":0,"350":0,"351":0,"352":0,"353":0,"354":2,"355":2,"356":2,"357":0,"358":0,"359":0,"360":0,"361":0,"362":0,"363":0,"364":0,"365":0,"366":0,"367":0,"368":0,"369":0,"370":0,"371":0,"372":0,"373":0,"374":0},"f":{"0":0,"1":0,"2":0,"3":0,"4":0,"5":0,"6":0,"7":0,"8":0,"9":0,"10":0,"11":0,"12":0,"13":0,"14":0,"15":0,"16":0,"17":0,"18":0,"19":0,"20":0,"21":0,"22":0,"23":0,"24":0,"25":0,"26":0,"27":0,"28":0,"29":0,"30":0,"31":0,"32":11,"33":38,"34":2,"35":1,"36":0,"37":0,"38":1,"39":0,"40":0,"41":0,"42":0,"43":0,"44":0,"45":0,"46":0,"47":0,"48":0,"49":0,"50":0,"51":0,"52":27,"53":27,"54":6,"55":8,"56":24,"57":9,"58":13,"59":6,"60":18,"61":2,"62":0,"63":0,"64":0,"65":0},"b":{"0":[0,0],"1":[0,0],"2":[0,0],"3":[0,0],"4":[0,0],"5":[0,0],"6":[0,0],"7":[0,0],"8":[0,0],"9":[0,0],"10":[0,0],"11":[0],"12":[0,0],"13":[0,0],"14":[0,0],"15":[0,0],"16":[0,0],"17":[0,0],"18":[0,0],"19":[0,0],"20":[0,0],"21":[0,0],"22":[0,0],"23":[0,0],"24":[0,0],"25":[0,0],"26":[0,0],"27":[0,0],"28":[0,0],"29":[0,0],"30":[0,0],"31":[0,0],"32":[0,0],"33":[0,0],"34":[0,0],"35":[0,0],"36":[0,0],"37":[0,0],"38":[0,0],"39":[0,0],"40":[0,0],"41":[0,0],"42":[0,0],"43":[0,0],"44":[0,0],"45":[0,0],"46":[27,11],"47":[27,0],"48":[0,2],"49":[2,0],"50":[2,1],"51":[0,1],"52":[0,0],"53":[1,0],"54":[0,0],"55":[0,0],"56":[0,0],"57":[0,0],"58":[0,1],"59":[0,0],"60":[0,0],"61":[0,0],"62":[0,0],"63":[0,0],"64":[0,0],"65":[0,0],"66":[0,0],"67":[0,0],"68":[0,0],"69":[0,0],"70":[0,0],"71":[0,0],"72":[0,0],"73":[0,0],"74":[0,0],"75":[0,0],"76":[16,8],"77":[13,3],"78":[16,13],"79":[0,9],"80":[6,3],"81":[0,24],"82":[0,2],"83":[0,0],"84":[2,0],"85":[0,0],"86":[0,0],"87":[0,0]},"meta":{"lastBranch":88,"lastFunction":66,"lastStatement":375,"seen":{"f:8:9:8:30":0,"s:9:12:9:Infinity":0,"f:9:25:9:26":1,"s:9:35:9:42":1,"b:10:2:10:Infinity:undefined:undefined:undefined:undefined":0,"s:10:2:10:Infinity":2,"s:10:17:10:Infinity":3,"f:10:34:10:40":2,"s:10:40:10:71":4,"s:11:2:11:Infinity":5,"f:11:19:11:20":3,"s:11:27:11:39":6,"f:15:9:15:Infinity":4,"b:20:2:24:Infinity:undefined:undefined:undefined:undefined":1,"s:20:2:24:Infinity":7,"b:21:4:22:Infinity:undefined:undefined:undefined:undefined":2,"s:21:4:22:Infinity":8,"b:21:8:21:33:21:33:21:Infinity":3,"s:22:6:22:Infinity":9,"s:23:4:23:Infinity":10,"b:25:2:25:Infinity:undefined:undefined:undefined:undefined":4,"s:25:2:25:Infinity":11,"s:25:29:25:Infinity":12,"s:26:26:26:Infinity":13,"b:27:2:27:Infinity:undefined:undefined:undefined:undefined":5,"s:27:2:27:Infinity":14,"b:27:6:27:18:27:18:27:48":6,"s:27:48:27:Infinity":15,"s:28:2:33:Infinity":16,"f:30:32:30:33":5,"s:31:6:31:Infinity":17,"b:31:19:31:59:31:59:31:Infinity":7,"s:36:13:39:Infinity":18,"s:42:13:42:Infinity":19,"s:45:13:45:Infinity":20,"s:107:33:107:Infinity":21,"s:109:26:109:Infinity":22,"s:110:23:110:Infinity":23,"s:112:13:114:Infinity":24,"s:116:13:116:Infinity":25,"s:118:13:120:Infinity":26,"s:123:13:123:Infinity":27,"f:125:9:125:17":6,"s:126:2:126:Infinity":28,"f:129:9:129:32":7,"b:130:2:133:Infinity:undefined:undefined:undefined:undefined":8,"s:130:2:133:Infinity":29,"s:131:4:131:Infinity":30,"s:132:4:132:Infinity":31,"s:138:25:138:Infinity":32,"f:140:16:140:40":8,"s:141:2:141:Infinity":33,"f:144:16:144:33":9,"s:145:14:147:Infinity":34,"s:148:19:148:Infinity":35,"b:148:19:148:48:148:48:148:Infinity":9,"b:149:2:152:Infinity:undefined:undefined:undefined:undefined":10,"s:149:2:152:Infinity":36,"f:149:21:149:22":10,"s:149:28:149:48":37,"s:150:4:150:Infinity":38,"s:151:4:151:Infinity":39,"f:155:16:155:Infinity":11,"b:158:22:158:Infinity":11,"s:160:36:160:Infinity":40,"s:161:17:161:Infinity":41,"s:162:17:162:Infinity":42,"s:163:2:173:Infinity":43,"s:163:15:163:23":44,"s:164:22:164:Infinity":45,"b:165:4:172:Infinity:undefined:undefined:undefined:undefined":12,"s:165:4:172:Infinity":46,"s:166:6:171:Infinity":47,"s:167:25:167:Infinity":48,"b:168:8:170:Infinity:undefined:undefined:undefined:undefined":13,"s:168:8:170:Infinity":49,"s:169:10:169:Infinity":50,"s:174:2:174:Infinity":51,"f:177:9:177:28":12,"s:178:14:178:Infinity":52,"f:178:28:178:29":13,"s:178:38:178:45":53,"b:179:2:179:Infinity:undefined:undefined:undefined:undefined":14,"s:179:2:179:Infinity":54,"s:179:19:179:Infinity":55,"f:179:37:179:43":14,"s:179:43:179:75":56,"s:180:2:180:Infinity":57,"f:180:20:180:21":15,"s:180:28:180:42":58,"f:183:9:183:Infinity":16,"s:187:22:187:Infinity":59,"s:188:2:192:Infinity":60,"b:189:4:189:Infinity:undefined:undefined:undefined:undefined":15,"s:189:4:189:Infinity":61,"s:189:30:189:Infinity":62,"s:190:4:190:Infinity":63,"b:191:4:191:Infinity:undefined:undefined:undefined:undefined":16,"s:191:4:191:Infinity":64,"s:191:14:191:Infinity":65,"s:193:2:193:Infinity":66,"b:193:32:193:38:193:38:193:Infinity":17,"f:196:9:196:Infinity":17,"s:201:12:201:Infinity":67,"b:202:2:202:Infinity:undefined:undefined:undefined:undefined":18,"s:202:2:202:Infinity":68,"s:202:14:202:Infinity":69,"b:203:2:203:Infinity:undefined:undefined:undefined:undefined":19,"s:203:2:203:Infinity":70,"b:203:6:203:27:203:27:203:51":20,"s:203:51:203:Infinity":71,"s:205:17:205:Infinity":72,"s:206:16:206:Infinity":73,"s:207:20:207:Infinity":74,"f:207:34:207:35":18,"s:207:44:207:51":75,"s:208:19:208:Infinity":76,"f:208:32:208:33":19,"s:208:42:208:49":77,"b:209:2:209:Infinity:undefined:undefined:undefined:undefined":21,"s:209:2:209:Infinity":78,"b:209:6:209:27:209:27:209:45":22,"s:209:45:209:Infinity":79,"s:211:20:211:Infinity":80,"s:212:20:212:Infinity":81,"s:213:23:216:Infinity":82,"s:217:22:217:Infinity":83,"s:218:22:218:Infinity":84,"s:219:21:219:Infinity":85,"s:221:15:223:Infinity":86,"f:221:30:221:31":20,"s:222:4:222:Infinity":87,"b:222:27:222:49:222:49:222:Infinity":23,"s:224:2:224:Infinity":88,"f:227:9:227:20":21,"s:228:15:228:Infinity":89,"s:229:29:229:Infinity":90,"s:230:2:235:Infinity":91,"s:231:16:231:Infinity":92,"b:232:4:232:Infinity:undefined:undefined:undefined:undefined":24,"s:232:4:232:Infinity":93,"s:232:23:232:Infinity":94,"s:233:4:233:Infinity":95,"s:234:4:234:Infinity":96,"s:236:2:236:Infinity":97,"f:239:9:239:Infinity":22,"s:244:18:244:Infinity":98,"s:245:2:250:Infinity":99,"s:246:16:246:Infinity":100,"s:247:17:247:Infinity":101,"b:248:4:249:Infinity:249:9:249:Infinity":25,"s:248:4:249:Infinity":102,"s:248:14:248:Infinity":103,"s:249:9:249:Infinity":104,"s:251:38:251:Infinity":105,"s:252:2:269:Infinity":106,"s:253:17:253:Infinity":107,"s:254:4:267:Infinity":108,"b:255:6:255:Infinity:undefined:undefined:undefined:undefined":26,"s:255:6:255:Infinity":109,"s:255:28:255:Infinity":110,"s:257:8:257:Infinity":111,"b:257:27:257:53:257:53:257:Infinity":27,"s:259:23:259:Infinity":112,"b:259:35:259:41:259:41:259:Infinity":28,"s:260:22:260:Infinity":113,"b:260:57:260:61:260:61:260:Infinity":29,"s:261:28:261:Infinity":114,"s:262:6:266:Infinity":115,"s:268:4:268:Infinity":116,"s:270:2:270:Infinity":117,"f:273:9:273:Infinity":23,"s:277:13:277:Infinity":118,"s:278:2:280:Infinity":119,"s:279:4:279:Infinity":120,"s:281:2:281:Infinity":121,"f:284:9:284:36":24,"b:285:2:285:Infinity:undefined:undefined:undefined:undefined":30,"s:285:2:285:Infinity":122,"s:285:39:285:Infinity":123,"s:286:2:286:Infinity":124,"f:289:16:289:Infinity":25,"s:296:2:296:Infinity":125,"s:297:18:297:Infinity":126,"s:298:27:298:Infinity":127,"b:299:2:299:Infinity:undefined:undefined:undefined:undefined":31,"s:299:2:299:Infinity":128,"s:299:14:299:Infinity":129,"s:300:2:307:Infinity":130,"s:308:2:318:Infinity":131,"f:308:31:308:37":26,"s:309:4:316:Infinity":132,"s:317:4:317:Infinity":133,"f:321:16:321:37":27,"s:322:2:322:Infinity":134,"s:323:2:323:Infinity":135,"b:324:2:326:Infinity:undefined:undefined:undefined:undefined":32,"s:324:2:326:Infinity":136,"s:325:4:325:Infinity":137,"s:327:2:327:Infinity":138,"f:330:16:330:37":28,"s:331:8:331:Infinity":139,"b:332:2:332:Infinity:undefined:undefined:undefined:undefined":33,"s:332:2:332:Infinity":140,"s:332:31:332:Infinity":141,"s:333:8:333:Infinity":142,"s:337:4:337:Infinity":143,"b:337:4:337:29:337:29:337:Infinity":34,"s:340:13:340:Infinity":144,"b:341:2:343:Infinity:undefined:undefined:undefined:undefined":35,"s:341:2:343:Infinity":145,"s:342:4:342:Infinity":146,"s:345:40:345:Infinity":147,"s:346:2:369:Infinity":148,"s:346:15:346:18":149,"s:347:16:347:Infinity":150,"s:348:18:348:Infinity":151,"b:349:4:349:Infinity:undefined:undefined:undefined:undefined":36,"s:349:4:349:Infinity":152,"s:349:16:349:Infinity":153,"s:350:18:350:Infinity":154,"b:351:4:363:Infinity:undefined:undefined:undefined:undefined":37,"s:351:4:363:Infinity":155,"s:352:24:356:Infinity":156,"b:357:6:362:Infinity:undefined:undefined:undefined:undefined":38,"s:357:6:362:Infinity":157,"s:358:8:361:Infinity":158,"b:360:29:360:53:360:53:360:Infinity":39,"s:364:4:368:Infinity":159,"b:370:2:370:Infinity:undefined:undefined:undefined:undefined":40,"s:370:2:370:Infinity":160,"s:370:25:370:Infinity":161,"s:371:2:378:Infinity":162,"s:379:2:379:Infinity":163,"b:380:2:382:Infinity:undefined:undefined:undefined:undefined":41,"s:380:2:382:Infinity":164,"b:380:6:380:20:380:20:380:53":42,"s:381:4:381:Infinity":165,"f:385:16:385:38":29,"s:386:8:386:Infinity":166,"b:387:2:387:Infinity:undefined:undefined:undefined:undefined":43,"s:387:2:387:Infinity":167,"s:387:27:387:Infinity":168,"s:388:18:388:Infinity":169,"s:389:2:389:Infinity":170,"f:389:23:389:24":30,"s:389:33:389:65":171,"s:390:2:394:Infinity":172,"f:397:16:397:60":31,"s:398:8:398:Infinity":173,"s:399:2:399:Infinity":174,"s:400:2:400:Infinity":175,"b:401:2:403:Infinity:undefined:undefined:undefined:undefined":44,"s:401:2:403:Infinity":176,"s:402:4:402:Infinity":177,"s:404:2:404:Infinity":178,"b:405:2:405:Infinity:undefined:undefined:undefined:undefined":45,"s:405:2:405:Infinity":179,"s:405:27:405:Infinity":180,"s:406:2:406:Infinity":181,"f:409:16:409:30":32,"s:410:24:410:Infinity":182,"f:411:11:411:20":33,"b:412:4:416:Infinity:414:11:416:Infinity":46,"s:412:4:416:Infinity":183,"b:413:6:413:Infinity:undefined:undefined:undefined:undefined":47,"s:413:6:413:Infinity":184,"s:413:16:413:Infinity":185,"s:415:6:415:Infinity":186,"s:418:2:418:Infinity":187,"s:419:2:419:Infinity":188,"f:423:9:423:31":34,"s:424:14:424:Infinity":189,"b:425:2:425:Infinity:undefined:undefined:undefined:undefined":48,"s:425:2:425:Infinity":190,"s:425:19:425:Infinity":191,"s:426:8:426:Infinity":192,"b:427:2:427:Infinity:undefined:undefined:undefined:undefined":49,"s:427:2:427:Infinity":193,"b:427:6:427:14:427:14:427:34":50,"s:427:34:427:Infinity":194,"f:430:22:430:50":35,"b:431:2:431:Infinity:undefined:undefined:undefined:undefined":51,"s:431:2:431:Infinity":195,"s:431:18:431:Infinity":196,"s:432:2:444:Infinity":197,"s:433:19:433:Infinity":198,"s:434:4:434:Infinity":199,"s:435:4:435:Infinity":200,"s:437:4:437:Infinity":201,"s:438:4:442:Infinity":202,"b:441:34:441:44:441:44:441:Infinity":52,"s:443:4:443:Infinity":203,"s:448:8:448:Infinity":204,"b:449:2:451:Infinity:undefined:undefined:undefined:undefined":53,"s:449:2:451:Infinity":205,"s:450:4:450:Infinity":206,"f:454:22:454:42":36,"b:455:2:455:Infinity:undefined:undefined:undefined:undefined":54,"s:455:2:455:Infinity":207,"s:455:18:455:Infinity":208,"s:456:2:474:Infinity":209,"s:457:17:459:Infinity":210,"s:460:19:460:Infinity":211,"s:461:19:461:Infinity":212,"s:462:4:462:Infinity":213,"s:463:4:463:Infinity":214,"s:464:4:464:Infinity":215,"s:465:4:465:Infinity":216,"s:467:4:467:Infinity":217,"s:468:4:472:Infinity":218,"b:471:34:471:44:471:44:471:Infinity":55,"s:473:4:473:Infinity":219,"f:477:22:477:40":37,"b:478:2:478:Infinity:undefined:undefined:undefined:undefined":56,"s:478:2:478:Infinity":220,"s:478:18:478:Infinity":221,"s:479:2:490:Infinity":222,"s:480:4:480:Infinity":223,"s:481:4:481:Infinity":224,"s:483:4:483:Infinity":225,"s:484:4:488:Infinity":226,"b:487:34:487:44:487:44:487:Infinity":57,"s:489:4:489:Infinity":227,"f:493:22:493:38":38,"b:494:2:494:Infinity:undefined:undefined:undefined:undefined":58,"s:494:2:494:Infinity":228,"s:494:18:494:Infinity":229,"s:495:2:511:Infinity":230,"s:496:4:496:Infinity":231,"s:497:19:497:Infinity":232,"s:498:4:498:Infinity":233,"s:499:4:499:Infinity":234,"s:500:4:500:Infinity":235,"s:502:4:502:Infinity":236,"s:504:4:504:Infinity":237,"s:505:4:509:Infinity":238,"b:508:34:508:44:508:44:508:Infinity":59,"s:510:4:510:Infinity":239,"f:514:22:514:Infinity":39,"b:518:2:518:Infinity:undefined:undefined:undefined:undefined":60,"s:518:2:518:Infinity":240,"s:518:18:518:Infinity":241,"s:519:16:522:Infinity":242,"s:523:2:523:Infinity":243,"s:524:2:524:Infinity":244,"f:528:22:528:Infinity":40,"b:533:2:533:Infinity:undefined:undefined:undefined:undefined":61,"s:533:2:533:Infinity":245,"s:533:18:533:Infinity":246,"s:534:2:538:Infinity":247,"s:539:2:539:Infinity":248,"s:540:2:540:Infinity":249,"f:544:22:544:41":41,"s:545:15:545:Infinity":250,"s:546:2:546:Infinity":251,"f:546:23:546:24":42,"s:546:33:546:73":252,"b:547:2:547:Infinity:undefined:undefined:undefined:undefined":62,"s:547:2:547:Infinity":253,"s:547:18:547:Infinity":254,"s:548:2:553:Infinity":255,"s:549:4:549:Infinity":256,"s:551:4:551:Infinity":257,"s:552:4:552:Infinity":258,"f:557:22:557:46":43,"b:558:2:558:Infinity:undefined:undefined:undefined:undefined":63,"s:558:2:558:Infinity":259,"s:558:23:558:Infinity":260,"s:559:2:559:Infinity":261,"f:559:23:559:24":44,"s:559:33:559:65":262,"b:560:2:560:Infinity:undefined:undefined:undefined:undefined":64,"s:560:2:560:Infinity":263,"s:560:18:560:Infinity":264,"s:561:2:566:Infinity":265,"s:562:4:562:Infinity":266,"s:564:4:564:Infinity":267,"s:565:4:565:Infinity":268,"f:570:22:570:38":45,"s:571:6:571:Infinity":269,"s:572:8:572:Infinity":270,"s:573:16:573:Infinity":271,"b:574:2:574:Infinity:undefined:undefined:undefined:undefined":65,"s:574:2:574:Infinity":272,"s:574:21:574:Infinity":273,"b:575:2:575:Infinity:undefined:undefined:undefined:undefined":66,"s:575:2:575:Infinity":274,"s:575:27:575:Infinity":275,"s:576:2:576:Infinity":276,"f:579:22:579:32":46,"b:580:2:580:Infinity:undefined:undefined:undefined:undefined":67,"s:580:2:580:Infinity":277,"s:580:18:580:Infinity":278,"s:581:2:581:Infinity":279,"s:582:2:582:Infinity":280,"f:585:22:585:35":47,"b:586:2:586:Infinity:undefined:undefined:undefined:undefined":68,"s:586:2:586:Infinity":281,"s:586:18:586:Infinity":282,"s:587:2:592:Infinity":283,"b:590:27:590:39:590:39:590:45":69,"f:596:22:596:37":48,"b:597:2:597:Infinity:undefined:undefined:undefined:undefined":70,"s:597:2:597:Infinity":284,"s:597:18:597:Infinity":285,"s:598:2:609:Infinity":286,"s:599:4:599:Infinity":287,"s:600:4:600:Infinity":288,"s:602:4:602:Infinity":289,"s:603:4:607:Infinity":290,"b:606:34:606:44:606:44:606:Infinity":71,"s:608:4:608:Infinity":291,"f:613:22:613:40":49,"b:614:2:614:Infinity:undefined:undefined:undefined:undefined":72,"s:614:2:614:Infinity":292,"s:614:18:614:Infinity":293,"s:615:2:626:Infinity":294,"s:616:4:616:Infinity":295,"s:617:4:617:Infinity":296,"s:619:4:619:Infinity":297,"s:620:4:624:Infinity":298,"b:623:34:623:44:623:44:623:Infinity":73,"s:625:4:625:Infinity":299,"f:630:22:630:38":50,"b:631:2:631:Infinity:undefined:undefined:undefined:undefined":74,"s:631:2:631:Infinity":300,"s:631:18:631:Infinity":301,"s:632:2:645:Infinity":302,"s:633:4:633:Infinity":303,"s:635:4:635:Infinity":304,"f:635:26:635:27":51,"s:635:38:635:72":305,"s:636:4:636:Infinity":306,"s:638:4:638:Infinity":307,"s:639:4:643:Infinity":308,"b:642:34:642:44:642:44:642:Infinity":75,"s:644:4:644:Infinity":309,"s:662:13:662:Infinity":310,"f:665:16:665:27":52,"s:666:2:666:Infinity":311,"f:666:22:666:23":53,"s:666:34:666:82":312,"f:670:16:670:27":54,"s:671:2:671:Infinity":313,"f:679:16:679:Infinity":55,"s:683:41:683:Infinity":314,"f:684:11:684:20":56,"b:685:4:691:Infinity:689:11:691:Infinity":76,"s:685:4:691:Infinity":315,"b:686:6:688:Infinity:undefined:undefined:undefined:undefined":77,"s:686:6:688:Infinity":316,"b:686:10:686:33:686:33:686:49":78,"s:687:8:687:Infinity":317,"s:690:6:690:Infinity":318,"s:693:2:693:Infinity":319,"s:694:2:694:Infinity":320,"s:702:27:702:Infinity":321,"f:704:22:704:44":57,"b:705:2:705:Infinity:undefined:undefined:undefined:undefined":79,"s:705:2:705:Infinity":322,"s:705:18:705:Infinity":323,"s:708:19:708:Infinity":324,"b:709:2:712:Infinity:undefined:undefined:undefined:undefined":80,"s:709:2:712:Infinity":325,"s:710:4:710:Infinity":326,"s:711:4:711:Infinity":327,"s:715:8:715:Infinity":328,"s:716:18:716:Infinity":329,"s:718:41:718:Infinity":330,"s:719:2:726:Infinity":331,"b:720:4:720:Infinity:undefined:undefined:undefined:undefined":81,"s:720:4:720:Infinity":332,"s:720:17:720:Infinity":333,"s:721:15:721:Infinity":334,"s:722:21:724:Infinity":335,"f:722:55:722:56":58,"s:723:6:723:Infinity":336,"s:725:4:725:Infinity":337,"s:728:2:730:Infinity":338,"f:728:38:728:44":59,"s:729:4:729:Infinity":339,"f:729:24:729:25":60,"s:729:31:729:34":340,"s:733:13:733:Infinity":341,"f:736:22:736:44":61,"b:737:2:737:Infinity:undefined:undefined:undefined:undefined":82,"s:737:2:737:Infinity":342,"s:737:18:737:Infinity":343,"s:738:2:762:Infinity":344,"s:739:17:739:Infinity":345,"s:740:4:740:Infinity":346,"s:744:4:747:Infinity":347,"s:745:19:745:Infinity":348,"s:746:6:746:Infinity":349,"f:746:26:746:27":62,"s:746:38:746:60":350,"s:750:10:750:Infinity":351,"b:751:4:753:Infinity:undefined:undefined:undefined:undefined":83,"s:751:4:753:Infinity":352,"s:752:6:752:Infinity":353,"s:755:4:755:Infinity":354,"s:756:1:760:Infinity":355,"b:759:29:759:39:759:39:759:Infinity":84,"s:761:1:761:Infinity":356,"f:766:22:766:45":63,"b:767:2:767:Infinity:undefined:undefined:undefined:undefined":85,"s:767:2:767:Infinity":357,"s:767:18:767:Infinity":358,"s:768:2:773:Infinity":359,"s:769:4:769:Infinity":360,"s:770:4:770:Infinity":361,"s:772:4:772:Infinity":362,"f:777:22:777:43":64,"b:778:2:778:Infinity:undefined:undefined:undefined:undefined":86,"s:778:2:778:Infinity":363,"s:778:18:778:Infinity":364,"s:779:2:784:Infinity":365,"s:780:4:780:Infinity":366,"s:781:4:781:Infinity":367,"s:783:4:783:Infinity":368,"f:788:22:788:43":65,"b:789:2:789:Infinity:undefined:undefined:undefined:undefined":87,"s:789:2:789:Infinity":369,"s:789:18:789:Infinity":370,"s:790:2:795:Infinity":371,"s:791:4:791:Infinity":372,"s:792:4:792:Infinity":373,"s:794:4:794:Infinity":374}}}
}
